E:\__CODES\OPENGL\OPENGL-05-SPOT\SPOT\DEBUG\SPOT.EXE
E:\__CODES\OPENGL\OPENGL-05-SPOT\SPOT\DEBUG\SPOT.ILK
E:\__CODES\OPENGL\OPENGL-05-SPOT\SPOT\DEBUG\SPOT.PDB
E:\__Codes\OpenGL\OpenGL-05-Spot\Spot\Spot\Debug\cl.command.1.tlog
E:\__Codes\OpenGL\OpenGL-05-Spot\Spot\Spot\Debug\CL.read.1.tlog
E:\__Codes\OpenGL\OpenGL-05-Spot\Spot\Spot\Debug\CL.write.1.tlog
E:\__Codes\OpenGL\OpenGL-05-Spot\Spot\Spot\Debug\link.10076.read.1.tlog
E:\__Codes\OpenGL\OpenGL-05-Spot\Spot\Spot\Debug\link.10076.write.1.tlog
E:\__Codes\OpenGL\OpenGL-05-Spot\Spot\Spot\Debug\link.10076-cvtres.read.1.tlog
E:\__Codes\OpenGL\OpenGL-05-Spot\Spot\Spot\Debug\link.10076-cvtres.write.1.tlog
E:\__Codes\OpenGL\OpenGL-05-Spot\Spot\Spot\Debug\link.10136.read.1.tlog
E:\__Codes\OpenGL\OpenGL-05-Spot\Spot\Spot\Debug\link.10136.write.1.tlog
E:\__Codes\OpenGL\OpenGL-05-Spot\Spot\Spot\Debug\link.10136-cvtres.read.1.tlog
E:\__Codes\OpenGL\OpenGL-05-Spot\Spot\Spot\Debug\link.10136-cvtres.write.1.tlog
E:\__Codes\OpenGL\OpenGL-05-Spot\Spot\Spot\Debug\link.command.1.tlog
E:\__Codes\OpenGL\OpenGL-05-Spot\Spot\Spot\Debug\link.read.1.tlog
E:\__Codes\OpenGL\OpenGL-05-Spot\Spot\Spot\Debug\link.write.1.tlog
E:\__Codes\OpenGL\OpenGL-05-Spot\Spot\Spot\Debug\link-cvtres.read.1.tlog
E:\__Codes\OpenGL\OpenGL-05-Spot\Spot\Spot\Debug\link-cvtres.write.1.tlog
E:\__Codes\OpenGL\OpenGL-05-Spot\Spot\Spot\Debug\mt.command.1.tlog
E:\__Codes\OpenGL\OpenGL-05-Spot\Spot\Spot\Debug\mt.read.1.tlog
E:\__Codes\OpenGL\OpenGL-05-Spot\Spot\Spot\Debug\mt.write.1.tlog
E:\__Codes\OpenGL\OpenGL-05-Spot\Spot\Spot\Debug\rc.command.1.tlog
E:\__Codes\OpenGL\OpenGL-05-Spot\Spot\Spot\Debug\rc.read.1.tlog
E:\__Codes\OpenGL\OpenGL-05-Spot\Spot\Spot\Debug\rc.write.1.tlog
E:\__CODES\OPENGL\OPENGL-05-SPOT\SPOT\SPOT\DEBUG\SPOT.EXE.EMBED.MANIFEST
E:\__CODES\OPENGL\OPENGL-05-SPOT\SPOT\SPOT\DEBUG\SPOT.EXE.EMBED.MANIFEST.RES
E:\__CODES\OPENGL\OPENGL-05-SPOT\SPOT\SPOT\DEBUG\SPOT.EXE.INTERMEDIATE.MANIFEST
E:\__Codes\OpenGL\OpenGL-05-Spot\Spot\Spot\Debug\Spot.vcxprojResolveAssemblyReference.cache
E:\__Codes\OpenGL\OpenGL-05-Spot\Spot\Spot\Debug\Spot.write.1.tlog
E:\__Codes\OpenGL\OpenGL-05-Spot\Spot\Spot\Debug\Spot_manifest.rc
E:\__CODES\OPENGL\OPENGL-05-SPOT\SPOT\SPOT\DEBUG\SPOTMAIN.OBJ
E:\__Codes\OpenGL\OpenGL-05-Spot\Spot\Spot\Debug\vc100.idb
E:\__CODES\OPENGL\OPENGL-05-SPOT\SPOT\SPOT\DEBUG\VC100.PDB
